<?xml version="1.0" encoding="UTF-8"?>
<!-- Generated by org.testng.reporters.JUnitReportReporter -->
<testsuite skipped="0" hostname="DESKTOP-LV0877J" name="com.qa.testCases.BookingTest" tests="1" failures="0" timestamp="18 May 2020 16:53:01 GMT" time="26.677" errors="0">
  <testcase name="bookingReviewTest" time="26.677" classname="com.qa.testCases.BookingTest"/>
</testsuite> <!-- com.qa.testCases.BookingTest -->
